<?xml version="1.0" encoding="UTF-8"?>
<!-- Generated by org.testng.reporters.JUnitReportReporter -->
<testsuite hostname="DESKTOP-S892EQ1" failures="0" tests="2" name="day1.HttpRequest" time="10.661" errors="0" timestamp="2024-04-14T14:30:52 IST" skipped="0">
  <testcase classname="day1.HttpRequest" name="getUsers" time="2.562"/>
  <testcase classname="day1.HttpRequest" name="createuser" time="8.099"/>
</testsuite> <!-- day1.HttpRequest -->
