<?xml version="1.0" encoding="UTF-8"?>
<!-- Generated by org.testng.reporters.JUnitReportReporter -->
<testsuite hostname="DESKTOP-S892EQ1" failures="0" tests="1" name="restApi.Sumvalidation" time="4.683" errors="0" timestamp="2024-04-16T06:53:27 IST" skipped="0">
  <testcase classname="restApi.Sumvalidation" name="sumofcourses" time="4.683"/>
</testsuite> <!-- restApi.Sumvalidation -->
